<?xml version="1.0" encoding="UTF-8"?>
<!-- Generated by org.testng.reporters.JUnitReportReporter -->
<testsuite skipped="0" hostname="DESKTOP-EUF29Q1" name="com.crm.ui.CRMAppAutomationTest" tests="3" failures="0" timestamp="2020-04-07T14:06:10 EDT" time="16.055" errors="0">
  <testcase name="deleteCRMCustomer" time="2.265" classname="com.crm.ui.CRMAppAutomationTest"/>
  <system-out/>
  <testcase name="updateCRMCustomer" time="6.151" classname="com.crm.ui.CRMAppAutomationTest"/>
  <system-out/>
  <testcase name="addCRMCustomer" time="7.639" classname="com.crm.ui.CRMAppAutomationTest"/>
  <system-out/>
</testsuite> <!-- com.crm.ui.CRMAppAutomationTest -->
