<?xml version="1.0" encoding="UTF-8"?>
<!-- Generated by org.testng.reporters.JUnitReportReporter -->
<testsuite skipped="0" hostname="DESKTOP-EUF29Q1" name="com.crm.ui.CRMAppDeleteTest" tests="1" failures="0" timestamp="2020-04-07T13:38:02 EDT" time="3.656" errors="0">
  <testcase name="deleteCRMCustomer" time="3.656" classname="com.crm.ui.CRMAppDeleteTest"/>
  <system-out/>
</testsuite> <!-- com.crm.ui.CRMAppDeleteTest -->
