<?xml version="1.0" encoding="UTF-8"?>
<!-- Generated by org.testng.reporters.JUnitReportReporter -->
<testsuite skipped="0" hostname="DESKTOP-EUF29Q1" name="com.api.AllRequestTest" tests="5" failures="0" timestamp="2020-04-07T09:59:41 EDT" time="2.982" errors="0">
  <testcase name="test_04" time="0.057" classname="com.api.AllRequestTest"/>
  <system-out/>
  <testcase name="test_02" time="0.149" classname="com.api.AllRequestTest"/>
  <system-out/>
  <testcase name="test_03" time="0.050" classname="com.api.AllRequestTest"/>
  <system-out/>
  <testcase name="test_01" time="2.713" classname="com.api.AllRequestTest"/>
  <system-out/>
  <testcase name="testDemo" time="0.013" classname="com.api.AllRequestTest"/>
  <system-out/>
</testsuite> <!-- com.api.AllRequestTest -->
