<?xml version="1.0" encoding="UTF-8"?>
<!-- Generated by org.testng.reporters.JUnitReportReporter -->
<testsuite skipped="0" hostname="DESKTOP-EUF29Q1" name="com.crm.ui.CRMAppUpdateTest" tests="1" failures="0" timestamp="2020-04-07T13:38:02 EDT" time="3.714" errors="0">
  <testcase name="updateCRMCustomer" time="3.714" classname="com.crm.ui.CRMAppUpdateTest"/>
  <system-out/>
</testsuite> <!-- com.crm.ui.CRMAppUpdateTest -->
